<?xml version="1.0" encoding="UTF-8"?>
<testng-results total="1" passed="1" failed="0" skipped="0">
  <reporter-output>
  </reporter-output>
  <suite started-at="2021-02-12T19:39:14Z" name="Suite" finished-at="2021-02-12T19:39:25Z" duration-ms="11007">
    <groups>
    </groups>
    <test started-at="2021-02-12T19:39:14Z" name="Test" finished-at="2021-02-12T19:39:25Z" duration-ms="11007">
      <class name="com.todos.tests.AddTodoTest">
        <test-method is-config="true" signature="setupTest(java.lang.String)[pri:0, instance:com.todos.tests.AddTodoTest@3b79fd76]" started-at="2021-02-12T20:39:14Z" name="setupTest" finished-at="2021-02-12T20:39:24Z" duration-ms="10084" status="PASS">
          <params>
            <param index="0">
              <value>
                <![CDATA[chrome]]>
              </value>
            </param>
          </params>
          <reporter-output>
          </reporter-output>
        </test-method> <!-- setupTest -->
        <test-method signature="iCanAddTodo()[pri:0, instance:com.todos.tests.AddTodoTest@3b79fd76]" started-at="2021-02-12T20:39:24Z" name="iCanAddTodo" finished-at="2021-02-12T20:39:25Z" duration-ms="904" status="PASS">
          <reporter-output>
          </reporter-output>
        </test-method> <!-- iCanAddTodo -->
        <test-method is-config="true" signature="cleanTest()[pri:0, instance:com.todos.tests.AddTodoTest@3b79fd76]" started-at="2021-02-12T20:39:25Z" name="cleanTest" finished-at="2021-02-12T20:39:25Z" duration-ms="1" status="PASS">
          <reporter-output>
          </reporter-output>
        </test-method> <!-- cleanTest -->
      </class> <!-- com.todos.tests.AddTodoTest -->
    </test> <!-- Test -->
  </suite> <!-- Suite -->
</testng-results>
